<?xml version="1.0" encoding="UTF-8"?>
<testsuites>
  <testsuite name="CodeIgniter Application Test Suite" tests="3" assertions="2" failures="0" errors="0" time="0.201283">
    <testsuite name="Welcome_test" file="/Applications/MAMP/htdocs/expo/application/tests/controllers/Welcome_test.php" tests="3" assertions="2" failures="0" errors="0" time="0.201283">
      <testcase name="test_index" class="Welcome_test" file="/Applications/MAMP/htdocs/expo/application/tests/controllers/Welcome_test.php" line="13" assertions="0" time="0.033858"/>
      <testcase name="test_method_404" class="Welcome_test" file="/Applications/MAMP/htdocs/expo/application/tests/controllers/Welcome_test.php" line="19" assertions="1" time="0.115921"/>
      <testcase name="test_APPPATH" class="Welcome_test" file="/Applications/MAMP/htdocs/expo/application/tests/controllers/Welcome_test.php" line="25" assertions="1" time="0.051504"/>
    </testsuite>
  </testsuite>
</testsuites>
